17
17
72
97
8
32
15
63
97
57
60
83
48
100
26
12
62
3
49
55
77
97
98
0
89
57
34
92
29
75
13
40
3
2
3
83
69
1
48
87
27
54
92
3
67
28
97
56
63
70
29
44
29
86
28
97
58
37
2
53
71
82
12
23
80
92
37
15
95
42
92
91
64
54
64
85
24
38
36
75
63
64
50
75
4
61
31
95
51
53
85
22
46
70
89
99
86
94
47
11
56
84
65
13
99
20
66
50
47
62
93
3
60
5
39
90
78
75
74
50
82
21
21
64
29
1
98
25
69
70
29
51
65
44
73
45
58
34
84
70
77
93
0
49
100
94
65
16
66
99
71
26
54
7
61
46
72
70
25
64
52
62
45
53
44
0
68
69
79
100
78
42
58
76
3
29
81
22
70
74
23
11
70
32
4
86
9
10
2
57
1
96
96
35
31
34
14
79
23
44
37
8
21
20
32
67
21
84
34
82
91
37
58
89
41
63
60
14
3
39
49
43
53
24
33
13
32
93
65
26
77
55
2
28
2
50
18
4
92
20
57
90
64
86
54
69
28
80
88
66
57
28
67
83
3
50
86
73
41
84
80
54
7
94
38
16
27
6
39
9
9
39
38
95
20
53
72
32
16
1
71
4
75
27
72
58
21
99
90
79
65
4
48
25
44
12
26
73
86
55
75
24
63
13
85
49
37
64
63
2
41
78
51
36
2
20
25
41
72
100
17
43
54
27
34
86
12
48
70
44
87
68
62
98
68
30
8
92
5
10
17
21
21
68
27
34
97
42
76
64
32
47
43
43
14
37
30
77
99
91
62
17
74
70
98
13
41
5
52
9
48
100
18
16
43
14
78
75
100
48
9
73
70
28
72
10
34
46
37
72
68
14
58
35
13
100
5
37
1
78
85
1
11
52
14
5
24
30
100
75
53
20
14
57
21
87
30
20
95
13
55
48
69
37
70
32
91
61
40
12
26
83
40
5
3
1
100
37
92
76
40
57
50
40
51
8
8
40
76
58
14
32
27
100
79
99
69
88
60
84
45
33
23
69
26
39
25
31
46
10
35
11
96
57
11
83
73
82
43
29
49
39
5
41
23
40
74
38
31
42
12
69
78
74
76
11
31
28
2
31
51
9
34
70
9
93
9
2
81
1
37
96
45
63
60
19
12
64
99
41
9
65
85
22
22
99
19
18
40
39
13
90
65
77
37
16
26
18
69
92
4
99
40
79
86
70
95
88
26
22
38
55
68
20
6
91
85
31
32
99
8
87
57
55
70
32
69
56
68
58
1
50
43
21
33
62
3
82
53
73
2
7
88
45
74
17
75
16
17
33
35
50
72
51
22
78
11
29
62
0
22
67
40
64
83
56
87
81
93
28
30
40
63
87
61
28
91
52
43
71
78
93
83
35
82
28
6
9
97
65
82
47
20
65
98
26
39
38
88
38
70
47
21
89
89
94
59
76
10
15
77
65
73
48
22
19
32
54
27
72
92
96
100
6
63
87
50
91
81
44
49
65
21
69
93
5
67
11
32
80
12
34
94
10
17
99
78
84
87
89
10
56
30
48
55
50
21
41
56
16
79
62
27
15
55
76
68
52
15
84
37
35
31
48
95
71
0
24
67
56
74
2
3
80
77
31
33
26
22
36
18
69
25
34
39
74
96
32
87
57
21
69
45
62
53
15
98
26
73
49
26
36
13
3
15
72
